<?xml version="1.0" encoding="UTF-8"?>
<!-- Generated by org.testng.reporters.JUnitXMLReporter -->
<testsuite hostname="dtl-mac1.dmodtl.ceif.hpc.mil" ignored="0" name="Surefire test" tests="2" failures="0" timestamp="21 Aug 2017 21:26:23 GMT" time="0.682" errors="0">
  <testcase name="testTodo" time="0.648" classname="com.consol.citrus.samples.todolist.TodoListIT"/>
  <testcase name="testTodoList" time="0.016" classname="com.consol.citrus.samples.todolist.TodoListIT"/>
</testsuite> <!-- Surefire test -->
