<?xml version="1.0" encoding="UTF-8"?>
<testng-results skipped="0" failed="0" ignored="0" total="2" passed="2">
  <reporter-output>
  </reporter-output>
  <suite name="Surefire suite" duration-ms="682" started-at="2017-08-21T21:26:22Z" finished-at="2017-08-21T21:26:23Z">
    <groups>
    </groups>
    <test name="Surefire test" duration-ms="682" started-at="2017-08-21T21:26:22Z" finished-at="2017-08-21T21:26:23Z">
      <class name="com.consol.citrus.samples.todolist.TodoListIT">
        <test-method status="PASS" signature="beforeSuite(org.testng.ITestContext)[pri:0, instance:com.consol.citrus.samples.todolist.TodoListIT@2df32bf7]" name="beforeSuite" is-config="true" duration-ms="1974" started-at="2017-08-21T17:26:20Z" finished-at="2017-08-21T17:26:22Z">
          <params>
            <param index="0">
              <value>
                <![CDATA[org.testng.TestRunner@640dc4c6]]>
              </value>
            </param>
          </params>
          <reporter-output>
          </reporter-output>
        </test-method> <!-- beforeSuite -->
        <test-method status="PASS" signature="springTestContextBeforeTestClass()[pri:0, instance:com.consol.citrus.samples.todolist.TodoListIT@2df32bf7]" name="springTestContextBeforeTestClass" is-config="true" duration-ms="2" started-at="2017-08-21T17:26:22Z" finished-at="2017-08-21T17:26:22Z">
          <reporter-output>
          </reporter-output>
        </test-method> <!-- springTestContextBeforeTestClass -->
        <test-method status="PASS" signature="springTestContextPrepareTestInstance()[pri:0, instance:com.consol.citrus.samples.todolist.TodoListIT@2df32bf7]" name="springTestContextPrepareTestInstance" is-config="true" duration-ms="0" started-at="2017-08-21T17:26:22Z" depends-on-methods="org.springframework.test.context.testng.AbstractTestNGSpringContextTests.springTestContextBeforeTestClass" finished-at="2017-08-21T17:26:22Z">
          <reporter-output>
          </reporter-output>
        </test-method> <!-- springTestContextPrepareTestInstance -->
        <test-method status="PASS" signature="testTodo()[pri:0, instance:com.consol.citrus.samples.todolist.TodoListIT@2df32bf7]" name="testTodo" duration-ms="648" started-at="2017-08-21T17:26:22Z" finished-at="2017-08-21T17:26:23Z">
          <reporter-output>
          </reporter-output>
        </test-method> <!-- testTodo -->
        <test-method status="PASS" signature="springTestContextBeforeTestMethod(java.lang.reflect.Method)[pri:0, instance:com.consol.citrus.samples.todolist.TodoListIT@2df32bf7]" name="springTestContextBeforeTestMethod" is-config="true" duration-ms="0" started-at="2017-08-21T17:26:22Z" finished-at="2017-08-21T17:26:22Z">
          <params>
            <param index="0">
              <value>
                <![CDATA[public void com.consol.citrus.samples.todolist.TodoListIT.testTodo()]]>
              </value>
            </param>
          </params>
          <reporter-output>
          </reporter-output>
        </test-method> <!-- springTestContextBeforeTestMethod -->
        <test-method status="PASS" signature="testTodoList()[pri:0, instance:com.consol.citrus.samples.todolist.TodoListIT@2df32bf7]" name="testTodoList" duration-ms="16" started-at="2017-08-21T17:26:23Z" finished-at="2017-08-21T17:26:23Z">
          <reporter-output>
          </reporter-output>
        </test-method> <!-- testTodoList -->
        <test-method status="PASS" signature="springTestContextAfterTestMethod(java.lang.reflect.Method)[pri:0, instance:com.consol.citrus.samples.todolist.TodoListIT@2df32bf7]" name="springTestContextAfterTestMethod" is-config="true" duration-ms="0" started-at="2017-08-21T17:26:23Z" finished-at="2017-08-21T17:26:23Z">
          <params>
            <param index="0">
              <value>
                <![CDATA[public void com.consol.citrus.samples.todolist.TodoListIT.testTodo()]]>
              </value>
            </param>
          </params>
          <reporter-output>
          </reporter-output>
        </test-method> <!-- springTestContextAfterTestMethod -->
        <test-method status="PASS" signature="springTestContextBeforeTestMethod(java.lang.reflect.Method)[pri:0, instance:com.consol.citrus.samples.todolist.TodoListIT@2df32bf7]" name="springTestContextBeforeTestMethod" is-config="true" duration-ms="0" started-at="2017-08-21T17:26:23Z" finished-at="2017-08-21T17:26:23Z">
          <params>
            <param index="0">
              <value>
                <![CDATA[public void com.consol.citrus.samples.todolist.TodoListIT.testTodoList()]]>
              </value>
            </param>
          </params>
          <reporter-output>
          </reporter-output>
        </test-method> <!-- springTestContextBeforeTestMethod -->
        <test-method status="PASS" signature="springTestContextAfterTestMethod(java.lang.reflect.Method)[pri:0, instance:com.consol.citrus.samples.todolist.TodoListIT@2df32bf7]" name="springTestContextAfterTestMethod" is-config="true" duration-ms="0" started-at="2017-08-21T17:26:23Z" finished-at="2017-08-21T17:26:23Z">
          <params>
            <param index="0">
              <value>
                <![CDATA[public void com.consol.citrus.samples.todolist.TodoListIT.testTodoList()]]>
              </value>
            </param>
          </params>
          <reporter-output>
          </reporter-output>
        </test-method> <!-- springTestContextAfterTestMethod -->
        <test-method status="PASS" signature="springTestContextAfterTestClass()[pri:0, instance:com.consol.citrus.samples.todolist.TodoListIT@2df32bf7]" name="springTestContextAfterTestClass" is-config="true" duration-ms="0" started-at="2017-08-21T17:26:23Z" finished-at="2017-08-21T17:26:23Z">
          <reporter-output>
          </reporter-output>
        </test-method> <!-- springTestContextAfterTestClass -->
        <test-method status="PASS" signature="afterSuite(org.testng.ITestContext)[pri:0, instance:com.consol.citrus.samples.todolist.TodoListIT@2df32bf7]" name="afterSuite" is-config="true" duration-ms="24" started-at="2017-08-21T17:26:23Z" finished-at="2017-08-21T17:26:23Z">
          <params>
            <param index="0">
              <value>
                <![CDATA[org.testng.TestRunner@640dc4c6]]>
              </value>
            </param>
          </params>
          <reporter-output>
          </reporter-output>
        </test-method> <!-- afterSuite -->
      </class> <!-- com.consol.citrus.samples.todolist.TodoListIT -->
    </test> <!-- Surefire test -->
  </suite> <!-- Surefire suite -->
</testng-results>
